<?xml version="1.0" encoding="UTF-8"?>
<!-- Generated by org.testng.reporters.JUnitReportReporter -->
<testsuite hostname="DESKTOP-V0U2QMD" failures="0" tests="5" name="com.lbrce.parise.UserValidationTest" time="0.011" errors="0" timestamp="2023-11-07T10:43:48 IST" skipped="0">
  <testcase classname="com.lbrce.parise.UserValidationTest" name="testCase1" time="0.010"/>
  <testcase classname="com.lbrce.parise.UserValidationTest" name="testCase5" time="0.000"/>
  <testcase classname="com.lbrce.parise.UserValidationTest" name="testCase2" time="0.000"/>
  <testcase classname="com.lbrce.parise.UserValidationTest" name="testCase4" time="0.000"/>
  <testcase classname="com.lbrce.parise.UserValidationTest" name="testCase3" time="0.001"/>
</testsuite> <!-- com.lbrce.parise.UserValidationTest -->
